2025-04-17 12:35:17,221 INFO o.a.j.u.JMeterUtils: Setting Locale to en_EN
2025-04-17 12:35:17,297 INFO o.a.j.JMeter: Loading user properties from: C:\apache-jmeter-5.6.3\apache-jmeter-5.6.3\bin\user.properties
2025-04-17 12:35:17,301 INFO o.a.j.JMeter: Loading system properties from: C:\apache-jmeter-5.6.3\apache-jmeter-5.6.3\bin\system.properties
2025-04-17 12:35:17,342 INFO o.a.j.JMeter: Copyright (c) 1998-2024 The Apache Software Foundation
2025-04-17 12:35:17,343 INFO o.a.j.JMeter: Version 5.6.3
2025-04-17 12:35:17,343 INFO o.a.j.JMeter: java.version=17.0.8.1
2025-04-17 12:35:17,344 INFO o.a.j.JMeter: java.vm.name=OpenJDK 64-Bit Server VM
2025-04-17 12:35:17,344 INFO o.a.j.JMeter: os.name=Windows 11
2025-04-17 12:35:17,344 INFO o.a.j.JMeter: os.arch=amd64
2025-04-17 12:35:17,344 INFO o.a.j.JMeter: os.version=10.0
2025-04-17 12:35:17,345 INFO o.a.j.JMeter: file.encoding=Cp1252
2025-04-17 12:35:17,345 INFO o.a.j.JMeter: java.awt.headless=true
2025-04-17 12:35:17,345 INFO o.a.j.JMeter: Max memory     =1073741824
2025-04-17 12:35:17,345 INFO o.a.j.JMeter: Available Processors =8
2025-04-17 12:35:17,391 INFO o.a.j.JMeter: Default Locale=English (EN)
2025-04-17 12:35:17,392 INFO o.a.j.JMeter: JMeter  Locale=English (EN)
2025-04-17 12:35:17,392 INFO o.a.j.JMeter: JMeterHome=C:\apache-jmeter-5.6.3\apache-jmeter-5.6.3
2025-04-17 12:35:17,393 INFO o.a.j.JMeter: user.dir  =C:\Users\nicol\OneDrive\Bureau\M1 COURS\SEMESTRE 2\TEST-TDD\TDD-Exam\exam
2025-04-17 12:35:17,395 INFO o.a.j.JMeter: PWD       =C:\Users\nicol\OneDrive\Bureau\M1 COURS\SEMESTRE 2\TEST-TDD\TDD-Exam\exam
2025-04-17 12:35:17,426 INFO o.a.j.JMeter: IP: 172.21.2.184 Name: TABLET-V7NHEM24 FullName: 172.21.2.184
2025-04-17 12:35:17,474 INFO o.a.j.JMeter: Setting property 'jmeter.reportgenerator.outputdir' to:'C:\Users\nicol\OneDrive\Bureau\M1 COURS\SEMESTRE 2\TEST-TDD\TDD-Exam\exam\jm-report'
2025-04-17 12:35:17,487 INFO o.a.j.s.FileServer: Default base='C:\Users\nicol\OneDrive\Bureau\M1 COURS\SEMESTRE 2\TEST-TDD\TDD-Exam\exam'
2025-04-17 12:35:17,492 INFO o.a.j.s.FileServer: Set new base='C:\Users\nicol\OneDrive\Bureau\M1 COURS\SEMESTRE 2\TEST-TDD\TDD-Exam\exam'
2025-04-17 12:35:18,469 INFO o.a.j.s.SaveService: Testplan (JMX) version: 2.2. Testlog (JTL) version: 2.2
2025-04-17 12:35:18,624 INFO o.a.j.s.SaveService: Using SaveService properties version 5.0
2025-04-17 12:35:18,645 INFO o.a.j.s.SaveService: Using SaveService properties file encoding UTF-8
2025-04-17 12:35:18,666 INFO o.a.j.s.SaveService: Loading file: load_test.jmx
2025-04-17 12:35:18,923 INFO o.a.j.p.h.s.HTTPSamplerBase: Parser for text/html is org.apache.jmeter.protocol.http.parser.LagartoBasedHtmlParser
2025-04-17 12:35:18,923 INFO o.a.j.p.h.s.HTTPSamplerBase: Parser for application/xhtml+xml is org.apache.jmeter.protocol.http.parser.LagartoBasedHtmlParser
2025-04-17 12:35:18,924 INFO o.a.j.p.h.s.HTTPSamplerBase: Parser for application/xml is org.apache.jmeter.protocol.http.parser.LagartoBasedHtmlParser
2025-04-17 12:35:18,924 INFO o.a.j.p.h.s.HTTPSamplerBase: Parser for text/xml is org.apache.jmeter.protocol.http.parser.LagartoBasedHtmlParser
2025-04-17 12:35:18,924 INFO o.a.j.p.h.s.HTTPSamplerBase: Parser for text/vnd.wap.wml is org.apache.jmeter.protocol.http.parser.RegexpHTMLParser
2025-04-17 12:35:18,924 INFO o.a.j.p.h.s.HTTPSamplerBase: Parser for text/css is org.apache.jmeter.protocol.http.parser.CssParser
2025-04-17 12:35:18,997 INFO o.a.j.JMeter: Creating summariser <summary>
2025-04-17 12:35:19,019 INFO o.a.j.r.d.ReportGenerator: ReportGenerator will use for Parsing the separator: ','
2025-04-17 12:35:19,020 INFO o.a.j.r.d.ReportGenerator: Will generate report at end of test from  results file: results.jtl
2025-04-17 12:35:19,021 INFO o.a.j.r.d.ReportGenerator: Reading report generator properties from: C:\apache-jmeter-5.6.3\apache-jmeter-5.6.3\bin\reportgenerator.properties
2025-04-17 12:35:19,025 INFO o.a.j.r.d.ReportGenerator: Merging with JMeter properties
2025-04-17 12:35:19,044 INFO o.a.j.r.c.ReportGeneratorConfiguration: Property 'jmeter.reportgenerator.temp_dir' not found, using default value 'temp' instead.
2025-04-17 12:35:19,058 INFO o.a.j.r.c.ReportGeneratorConfiguration: Property 'jmeter.reportgenerator.apdex_per_transaction' not found, using default value 'null' instead.
2025-04-17 12:35:19,058 INFO o.a.j.r.c.ReportGeneratorConfiguration: apdex_per_transaction is empty, not APDEX per transaction customization
2025-04-17 12:35:19,059 INFO o.a.j.r.c.ReportGeneratorConfiguration: Property 'jmeter.reportgenerator.sample_filter' not found, using default value 'null' instead.
2025-04-17 12:35:19,059 INFO o.a.j.r.c.ReportGeneratorConfiguration: Property 'jmeter.reportgenerator.report_title' not found, using default value 'null' instead.
2025-04-17 12:35:19,060 INFO o.a.j.r.c.ReportGeneratorConfiguration: Property 'jmeter.reportgenerator.start_date' not found, using default value 'null' instead.
2025-04-17 12:35:19,060 INFO o.a.j.r.c.ReportGeneratorConfiguration: Property 'jmeter.reportgenerator.end_date' not found, using default value 'null' instead.
2025-04-17 12:35:19,060 INFO o.a.j.r.c.ReportGeneratorConfiguration: Property 'jmeter.reportgenerator.date_format' not found, using default value 'null' instead.
2025-04-17 12:35:19,062 INFO o.a.j.r.c.ReportGeneratorConfiguration: Will use date range start date: null, end date: null
2025-04-17 12:35:19,078 INFO o.a.j.r.c.ReportGeneratorConfiguration: Property 'jmeter.reportgenerator.graph.totalTPS.exclude_controllers' not found, using default value 'false' instead.
2025-04-17 12:35:19,079 INFO o.a.j.r.c.ReportGeneratorConfiguration: Property 'jmeter.reportgenerator.graph.activeThreadsOverTime.exclude_controllers' not found, using default value 'false' instead.
2025-04-17 12:35:19,079 INFO o.a.j.r.c.ReportGeneratorConfiguration: Property 'jmeter.reportgenerator.graph.timeVsThreads.exclude_controllers' not found, using default value 'false' instead.
2025-04-17 12:35:19,079 INFO o.a.j.r.c.ReportGeneratorConfiguration: Property 'jmeter.reportgenerator.graph.responseTimeDistribution.exclude_controllers' not found, using default value 'false' instead.
2025-04-17 12:35:19,079 INFO o.a.j.r.c.ReportGeneratorConfiguration: Property 'jmeter.reportgenerator.graph.transactionsPerSecond.exclude_controllers' not found, using default value 'false' instead.
2025-04-17 12:35:19,080 INFO o.a.j.r.c.ReportGeneratorConfiguration: Property 'jmeter.reportgenerator.graph.responseTimePercentiles.exclude_controllers' not found, using default value 'false' instead.
2025-04-17 12:35:19,080 INFO o.a.j.r.c.ReportGeneratorConfiguration: Property 'jmeter.reportgenerator.graph.responseTimePercentilesOverTime.exclude_controllers' not found, using default value 'false' instead.
2025-04-17 12:35:19,081 INFO o.a.j.r.c.ReportGeneratorConfiguration: Property 'jmeter.reportgenerator.graph.responseTimesOverTime.exclude_controllers' not found, using default value 'false' instead.
2025-04-17 12:35:19,082 INFO o.a.j.r.c.ReportGeneratorConfiguration: Property 'jmeter.reportgenerator.graph.connectTimeOverTime.exclude_controllers' not found, using default value 'false' instead.
2025-04-17 12:35:19,082 INFO o.a.j.r.c.ReportGeneratorConfiguration: Property 'jmeter.reportgenerator.graph.latenciesOverTime.exclude_controllers' not found, using default value 'false' instead.
2025-04-17 12:35:19,086 INFO o.a.j.r.c.ReportGeneratorConfiguration: Property 'jmeter.reportgenerator.exporter.json.filters_only_sample_series' not found, using default value 'true' instead.
2025-04-17 12:35:19,087 INFO o.a.j.r.c.ReportGeneratorConfiguration: Property 'jmeter.reportgenerator.exporter.json.series_filter' not found, using default value '' instead.
2025-04-17 12:35:19,087 INFO o.a.j.r.c.ReportGeneratorConfiguration: Property 'jmeter.reportgenerator.exporter.json.show_controllers_only' not found, using default value 'false' instead.
2025-04-17 12:35:19,089 INFO o.a.j.r.c.ReportGeneratorConfiguration: Property 'jmeter.reportgenerator.exporter.html.filters_only_sample_series' not found, using default value 'true' instead.
2025-04-17 12:35:19,089 INFO o.a.j.r.c.ReportGeneratorConfiguration: Property 'jmeter.reportgenerator.exporter.html.series_filter' not found, using default value '' instead.
2025-04-17 12:35:19,090 INFO o.a.j.r.c.ReportGeneratorConfiguration: Property 'jmeter.reportgenerator.exporter.html.show_controllers_only' not found, using default value 'false' instead.
2025-04-17 12:35:19,155 INFO o.a.j.e.StandardJMeterEngine: Running the test!
2025-04-17 12:35:19,159 INFO o.a.j.s.SampleEvent: List of sample_variables: []
2025-04-17 12:35:19,159 INFO o.a.j.s.SampleEvent: List of sample_variables: []
2025-04-17 12:35:19,178 INFO o.a.j.e.u.CompoundVariable: Note: Function class names must contain the string: '.functions.'
2025-04-17 12:35:19,178 INFO o.a.j.e.u.CompoundVariable: Note: Function class names must not contain the string: '.gui.'
2025-04-17 12:35:19,694 INFO o.a.j.JMeter: Running test (1744886119694)
2025-04-17 12:35:19,757 INFO o.a.j.e.StandardJMeterEngine: Starting ThreadGroup: 1 : 100 Users GET /cars
2025-04-17 12:35:19,758 INFO o.a.j.e.StandardJMeterEngine: Starting 100 threads for group 100 Users GET /cars.
2025-04-17 12:35:19,758 INFO o.a.j.e.StandardJMeterEngine: Thread will continue on error
2025-04-17 12:35:19,759 INFO o.a.j.t.ThreadGroup: Starting thread group... number=1 threads=100 ramp-up=10 delayedStart=false
2025-04-17 12:35:19,788 INFO o.a.j.t.JMeterThread: Thread started: 100 Users GET /cars 1-1
2025-04-17 12:35:19,874 INFO o.a.j.t.JMeterThread: Thread started: 100 Users GET /cars 1-2
2025-04-17 12:35:19,895 INFO o.a.j.t.ThreadGroup: Started thread group number 1
2025-04-17 12:35:19,896 INFO o.a.j.e.StandardJMeterEngine: Starting ThreadGroup: 2 : 50 Users POST /cars/rent/R1
2025-04-17 12:35:19,896 INFO o.a.j.e.StandardJMeterEngine: Starting 50 threads for group 50 Users POST /cars/rent/R1.
2025-04-17 12:35:19,896 INFO o.a.j.e.StandardJMeterEngine: Thread will continue on error
2025-04-17 12:35:19,896 INFO o.a.j.t.ThreadGroup: Starting thread group... number=2 threads=50 ramp-up=5 delayedStart=false
2025-04-17 12:35:19,898 INFO o.a.j.t.JMeterThread: Thread started: 50 Users POST /cars/rent/R1 2-1
2025-04-17 12:35:19,899 INFO o.a.j.p.h.s.HTTPHCAbstractImpl: Local host = TABLET-V7NHEM24
2025-04-17 12:35:19,957 INFO o.a.j.t.ThreadGroup: Started thread group number 2
2025-04-17 12:35:19,957 INFO o.a.j.e.StandardJMeterEngine: Starting ThreadGroup: 3 : 30 Users POST /cars/return/R1
2025-04-17 12:35:19,958 INFO o.a.j.e.StandardJMeterEngine: Starting 30 threads for group 30 Users POST /cars/return/R1.
2025-04-17 12:35:19,958 INFO o.a.j.e.StandardJMeterEngine: Thread will continue on error
2025-04-17 12:35:19,958 INFO o.a.j.t.ThreadGroup: Starting thread group... number=3 threads=30 ramp-up=5 delayedStart=false
2025-04-17 12:35:19,959 INFO o.a.j.p.h.s.HTTPHC4Impl: HTTP request retry count = 0
2025-04-17 12:35:19,960 INFO o.a.j.t.JMeterThread: Thread started: 30 Users POST /cars/return/R1 3-1
2025-04-17 12:35:19,967 INFO o.a.j.s.SampleResult: Note: Sample TimeStamps are START times
2025-04-17 12:35:19,967 INFO o.a.j.s.SampleResult: sampleresult.default.encoding is set to UTF-8
2025-04-17 12:35:19,971 INFO o.a.j.s.SampleResult: sampleresult.useNanoTime=true
2025-04-17 12:35:19,972 INFO o.a.j.s.SampleResult: sampleresult.nanoThreadSleep=5000
2025-04-17 12:35:19,972 INFO o.a.j.t.JMeterThread: Thread started: 100 Users GET /cars 1-3
2025-04-17 12:35:19,994 INFO o.a.j.t.ThreadGroup: Started thread group number 3
2025-04-17 12:35:19,994 INFO o.a.j.e.StandardJMeterEngine: All thread groups have been started
2025-04-17 12:35:20,000 INFO o.a.j.t.JMeterThread: Thread started: 50 Users POST /cars/rent/R1 2-2
2025-04-17 12:35:20,070 INFO o.a.j.t.JMeterThread: Thread started: 100 Users GET /cars 1-4
2025-04-17 12:35:20,099 INFO o.a.j.t.JMeterThread: Thread started: 50 Users POST /cars/rent/R1 2-3
2025-04-17 12:35:20,129 INFO o.a.j.t.JMeterThread: Thread started: 30 Users POST /cars/return/R1 3-2
2025-04-17 12:35:20,171 INFO o.a.j.t.JMeterThread: Thread started: 100 Users GET /cars 1-5
2025-04-17 12:35:20,199 INFO o.a.j.t.JMeterThread: Thread started: 50 Users POST /cars/rent/R1 2-4
2025-04-17 12:35:20,271 INFO o.a.j.t.JMeterThread: Thread started: 100 Users GET /cars 1-6
2025-04-17 12:35:20,297 INFO o.a.j.t.JMeterThread: Thread started: 30 Users POST /cars/return/R1 3-3
2025-04-17 12:35:20,304 INFO o.a.j.t.JMeterThread: Thread started: 50 Users POST /cars/rent/R1 2-5
2025-04-17 12:35:20,368 INFO o.a.j.t.JMeterThread: Thread started: 100 Users GET /cars 1-7
2025-04-17 12:35:20,404 INFO o.a.j.t.JMeterThread: Thread started: 50 Users POST /cars/rent/R1 2-6
2025-04-17 12:35:20,465 INFO o.a.j.t.JMeterThread: Thread started: 100 Users GET /cars 1-8
2025-04-17 12:35:20,466 INFO o.a.j.t.JMeterThread: Thread started: 30 Users POST /cars/return/R1 3-4
2025-04-17 12:35:20,517 INFO o.a.j.t.JMeterThread: Thread started: 50 Users POST /cars/rent/R1 2-7
2025-04-17 12:35:20,566 INFO o.a.j.t.JMeterThread: Thread started: 100 Users GET /cars 1-9
2025-04-17 12:35:20,601 INFO o.a.j.t.JMeterThread: Thread started: 50 Users POST /cars/rent/R1 2-8
2025-04-17 12:35:20,631 INFO o.a.j.t.JMeterThread: Thread started: 30 Users POST /cars/return/R1 3-5
2025-04-17 12:35:20,670 INFO o.a.j.t.JMeterThread: Thread started: 100 Users GET /cars 1-10
2025-04-17 12:35:20,700 INFO o.a.j.t.JMeterThread: Thread started: 50 Users POST /cars/rent/R1 2-9
2025-04-17 12:35:20,764 INFO o.a.j.t.JMeterThread: Thread started: 100 Users GET /cars 1-11
2025-04-17 12:35:20,796 INFO o.a.j.t.JMeterThread: Thread started: 30 Users POST /cars/return/R1 3-6
2025-04-17 12:35:20,799 INFO o.a.j.t.JMeterThread: Thread started: 50 Users POST /cars/rent/R1 2-10
2025-04-17 12:35:20,863 INFO o.a.j.t.JMeterThread: Thread started: 100 Users GET /cars 1-12
2025-04-17 12:35:20,899 INFO o.a.j.t.JMeterThread: Thread started: 50 Users POST /cars/rent/R1 2-11
2025-04-17 12:35:20,964 INFO o.a.j.t.JMeterThread: Thread started: 100 Users GET /cars 1-13
2025-04-17 12:35:20,965 INFO o.a.j.t.JMeterThread: Thread started: 30 Users POST /cars/return/R1 3-7
2025-04-17 12:35:20,999 INFO o.a.j.t.JMeterThread: Thread started: 50 Users POST /cars/rent/R1 2-12
2025-04-17 12:35:21,068 INFO o.a.j.t.JMeterThread: Thread started: 100 Users GET /cars 1-14
2025-04-17 12:35:21,098 INFO o.a.j.t.JMeterThread: Thread started: 50 Users POST /cars/rent/R1 2-13
2025-04-17 12:35:21,130 INFO o.a.j.t.JMeterThread: Thread started: 30 Users POST /cars/return/R1 3-8
2025-04-17 12:35:21,167 INFO o.a.j.t.JMeterThread: Thread started: 100 Users GET /cars 1-15
2025-04-17 12:35:21,199 INFO o.a.j.t.JMeterThread: Thread started: 50 Users POST /cars/rent/R1 2-14
2025-04-17 12:35:21,267 INFO o.a.j.t.JMeterThread: Thread started: 100 Users GET /cars 1-16
2025-04-17 12:35:21,297 INFO o.a.j.t.JMeterThread: Thread started: 30 Users POST /cars/return/R1 3-9
2025-04-17 12:35:21,299 INFO o.a.j.t.JMeterThread: Thread started: 50 Users POST /cars/rent/R1 2-15
2025-04-17 12:35:21,367 INFO o.a.j.t.JMeterThread: Thread started: 100 Users GET /cars 1-17
2025-04-17 12:35:21,399 INFO o.a.j.t.JMeterThread: Thread started: 50 Users POST /cars/rent/R1 2-16
2025-04-17 12:35:21,462 INFO o.a.j.t.JMeterThread: Thread started: 100 Users GET /cars 1-18
2025-04-17 12:35:21,476 INFO o.a.j.t.JMeterThread: Thread started: 30 Users POST /cars/return/R1 3-10
2025-04-17 12:35:21,498 INFO o.a.j.t.JMeterThread: Thread started: 50 Users POST /cars/rent/R1 2-17
2025-04-17 12:35:21,562 INFO o.a.j.t.JMeterThread: Thread started: 100 Users GET /cars 1-19
2025-04-17 12:35:21,598 INFO o.a.j.t.JMeterThread: Thread started: 50 Users POST /cars/rent/R1 2-18
2025-04-17 12:35:21,639 INFO o.a.j.t.JMeterThread: Thread started: 30 Users POST /cars/return/R1 3-11
2025-04-17 12:35:21,663 INFO o.a.j.t.JMeterThread: Thread started: 100 Users GET /cars 1-20
2025-04-17 12:35:21,699 INFO o.a.j.t.JMeterThread: Thread started: 50 Users POST /cars/rent/R1 2-19
2025-04-17 12:35:21,764 INFO o.a.j.t.JMeterThread: Thread started: 100 Users GET /cars 1-21
2025-04-17 12:35:21,799 INFO o.a.j.t.JMeterThread: Thread started: 50 Users POST /cars/rent/R1 2-20
2025-04-17 12:35:21,818 INFO o.a.j.t.JMeterThread: Thread started: 30 Users POST /cars/return/R1 3-12
2025-04-17 12:35:21,862 INFO o.a.j.t.JMeterThread: Thread started: 100 Users GET /cars 1-22
2025-04-17 12:35:21,899 INFO o.a.j.t.JMeterThread: Thread started: 50 Users POST /cars/rent/R1 2-21
2025-04-17 12:35:21,963 INFO o.a.j.t.JMeterThread: Thread started: 100 Users GET /cars 1-23
2025-04-17 12:35:21,972 INFO o.a.j.t.JMeterThread: Thread is done: 30 Users POST /cars/return/R1 3-5
2025-04-17 12:35:21,972 INFO o.a.j.t.JMeterThread: Thread is done: 30 Users POST /cars/return/R1 3-9
2025-04-17 12:35:21,973 INFO o.a.j.t.JMeterThread: Thread is done: 30 Users POST /cars/return/R1 3-6
2025-04-17 12:35:21,973 INFO o.a.j.t.JMeterThread: Thread finished: 30 Users POST /cars/return/R1 3-5
2025-04-17 12:35:21,973 INFO o.a.j.t.JMeterThread: Thread is done: 30 Users POST /cars/return/R1 3-4
2025-04-17 12:35:21,973 INFO o.a.j.t.JMeterThread: Thread is done: 30 Users POST /cars/return/R1 3-2
2025-04-17 12:35:21,973 INFO o.a.j.t.JMeterThread: Thread finished: 30 Users POST /cars/return/R1 3-2
2025-04-17 12:35:21,973 INFO o.a.j.t.JMeterThread: Thread is done: 30 Users POST /cars/return/R1 3-11
2025-04-17 12:35:21,974 INFO o.a.j.t.JMeterThread: Thread is done: 30 Users POST /cars/return/R1 3-7
2025-04-17 12:35:21,974 INFO o.a.j.t.JMeterThread: Thread finished: 30 Users POST /cars/return/R1 3-11
2025-04-17 12:35:21,974 INFO o.a.j.t.JMeterThread: Thread finished: 30 Users POST /cars/return/R1 3-7
2025-04-17 12:35:21,974 INFO o.a.j.t.JMeterThread: Thread is done: 30 Users POST /cars/return/R1 3-3
2025-04-17 12:35:21,975 INFO o.a.j.t.JMeterThread: Thread finished: 30 Users POST /cars/return/R1 3-3
2025-04-17 12:35:21,975 INFO o.a.j.t.JMeterThread: Thread is done: 30 Users POST /cars/return/R1 3-1
2025-04-17 12:35:21,975 INFO o.a.j.t.JMeterThread: Thread finished: 30 Users POST /cars/return/R1 3-1
2025-04-17 12:35:21,973 INFO o.a.j.t.JMeterThread: Thread finished: 30 Users POST /cars/return/R1 3-6
2025-04-17 12:35:21,973 INFO o.a.j.t.JMeterThread: Thread finished: 30 Users POST /cars/return/R1 3-9
2025-04-17 12:35:21,973 INFO o.a.j.t.JMeterThread: Thread is done: 30 Users POST /cars/return/R1 3-8
2025-04-17 12:35:21,975 INFO o.a.j.t.JMeterThread: Thread is done: 30 Users POST /cars/return/R1 3-10
2025-04-17 12:35:21,976 INFO o.a.j.t.JMeterThread: Thread finished: 30 Users POST /cars/return/R1 3-8
2025-04-17 12:35:21,976 INFO o.a.j.t.JMeterThread: Thread finished: 30 Users POST /cars/return/R1 3-10
2025-04-17 12:35:21,974 INFO o.a.j.t.JMeterThread: Thread finished: 30 Users POST /cars/return/R1 3-4
2025-04-17 12:35:21,974 INFO o.a.j.t.JMeterThread: Thread is done: 30 Users POST /cars/return/R1 3-12
2025-04-17 12:35:21,977 INFO o.a.j.t.JMeterThread: Thread finished: 30 Users POST /cars/return/R1 3-12
2025-04-17 12:35:21,977 INFO o.a.j.t.JMeterThread: Thread started: 30 Users POST /cars/return/R1 3-13
2025-04-17 12:35:21,990 INFO o.a.j.t.JMeterThread: Thread is done: 50 Users POST /cars/rent/R1 2-16
2025-04-17 12:35:21,990 INFO o.a.j.t.JMeterThread: Thread is done: 50 Users POST /cars/rent/R1 2-10
2025-04-17 12:35:21,990 INFO o.a.j.t.JMeterThread: Thread is done: 50 Users POST /cars/rent/R1 2-8
2025-04-17 12:35:21,991 INFO o.a.j.t.JMeterThread: Thread finished: 50 Users POST /cars/rent/R1 2-10
2025-04-17 12:35:21,991 INFO o.a.j.t.JMeterThread: Thread finished: 50 Users POST /cars/rent/R1 2-16
2025-04-17 12:35:21,990 INFO o.a.j.t.JMeterThread: Thread is done: 50 Users POST /cars/rent/R1 2-7
2025-04-17 12:35:21,991 INFO o.a.j.t.JMeterThread: Thread finished: 50 Users POST /cars/rent/R1 2-8
2025-04-17 12:35:21,991 INFO o.a.j.t.JMeterThread: Thread finished: 50 Users POST /cars/rent/R1 2-7
2025-04-17 12:35:21,993 INFO o.a.j.t.JMeterThread: Thread is done: 100 Users GET /cars 1-1
2025-04-17 12:35:21,993 INFO o.a.j.t.JMeterThread: Thread is done: 50 Users POST /cars/rent/R1 2-9
2025-04-17 12:35:21,991 INFO o.a.j.t.JMeterThread: Thread is done: 100 Users GET /cars 1-21
2025-04-17 12:35:21,994 INFO o.a.j.t.JMeterThread: Thread finished: 50 Users POST /cars/rent/R1 2-9
2025-04-17 12:35:21,991 INFO o.a.j.t.JMeterThread: Thread is done: 50 Users POST /cars/rent/R1 2-6
2025-04-17 12:35:21,994 INFO o.a.j.t.JMeterThread: Thread finished: 100 Users GET /cars 1-21
2025-04-17 12:35:21,994 INFO o.a.j.t.JMeterThread: Thread finished: 50 Users POST /cars/rent/R1 2-6
2025-04-17 12:35:21,995 INFO o.a.j.t.JMeterThread: Thread is done: 50 Users POST /cars/rent/R1 2-18
2025-04-17 12:35:21,994 INFO o.a.j.t.JMeterThread: Thread finished: 100 Users GET /cars 1-1
2025-04-17 12:35:21,993 INFO o.a.j.t.JMeterThread: Thread is done: 50 Users POST /cars/rent/R1 2-14
2025-04-17 12:35:21,993 INFO o.a.j.t.JMeterThread: Thread is done: 50 Users POST /cars/rent/R1 2-3
2025-04-17 12:35:21,996 INFO o.a.j.t.JMeterThread: Thread finished: 50 Users POST /cars/rent/R1 2-14
2025-04-17 12:35:21,996 INFO o.a.j.t.JMeterThread: Thread finished: 50 Users POST /cars/rent/R1 2-3
2025-04-17 12:35:21,995 INFO o.a.j.t.JMeterThread: Thread finished: 50 Users POST /cars/rent/R1 2-18
2025-04-17 12:35:22,004 INFO o.a.j.t.JMeterThread: Thread is done: 100 Users GET /cars 1-12
2025-04-17 12:35:22,005 INFO o.a.j.t.JMeterThread: Thread finished: 100 Users GET /cars 1-12
2025-04-17 12:35:22,005 INFO o.a.j.t.JMeterThread: Thread is done: 100 Users GET /cars 1-8
2025-04-17 12:35:22,006 INFO o.a.j.t.JMeterThread: Thread finished: 100 Users GET /cars 1-8
2025-04-17 12:35:22,007 INFO o.a.j.t.JMeterThread: Thread is done: 50 Users POST /cars/rent/R1 2-21
2025-04-17 12:35:22,009 INFO o.a.j.t.JMeterThread: Thread finished: 50 Users POST /cars/rent/R1 2-21
2025-04-17 12:35:22,009 INFO o.a.j.t.JMeterThread: Thread is done: 100 Users GET /cars 1-15
2025-04-17 12:35:22,009 INFO o.a.j.t.JMeterThread: Thread finished: 100 Users GET /cars 1-15
2025-04-17 12:35:22,011 INFO o.a.j.t.JMeterThread: Thread is done: 30 Users POST /cars/return/R1 3-13
2025-04-17 12:35:22,012 INFO o.a.j.t.JMeterThread: Thread finished: 30 Users POST /cars/return/R1 3-13
2025-04-17 12:35:22,014 INFO o.a.j.t.JMeterThread: Thread is done: 50 Users POST /cars/rent/R1 2-12
2025-04-17 12:35:22,015 INFO o.a.j.t.JMeterThread: Thread finished: 50 Users POST /cars/rent/R1 2-12
2025-04-17 12:35:22,018 INFO o.a.j.t.JMeterThread: Thread is done: 50 Users POST /cars/rent/R1 2-15
2025-04-17 12:35:22,018 INFO o.a.j.t.JMeterThread: Thread is done: 50 Users POST /cars/rent/R1 2-2
2025-04-17 12:35:22,018 INFO o.a.j.t.JMeterThread: Thread finished: 50 Users POST /cars/rent/R1 2-15
2025-04-17 12:35:22,018 INFO o.a.j.t.JMeterThread: Thread finished: 50 Users POST /cars/rent/R1 2-2
2025-04-17 12:35:22,019 INFO o.a.j.t.JMeterThread: Thread is done: 100 Users GET /cars 1-6
2025-04-17 12:35:22,019 INFO o.a.j.t.JMeterThread: Thread finished: 100 Users GET /cars 1-6
2025-04-17 12:35:22,021 INFO o.a.j.t.JMeterThread: Thread is done: 100 Users GET /cars 1-18
2025-04-17 12:35:22,021 INFO o.a.j.t.JMeterThread: Thread finished: 100 Users GET /cars 1-18
2025-04-17 12:35:22,024 INFO o.a.j.t.JMeterThread: Thread is done: 100 Users GET /cars 1-9
2025-04-17 12:35:22,024 INFO o.a.j.t.JMeterThread: Thread finished: 100 Users GET /cars 1-9
2025-04-17 12:35:22,040 INFO o.a.j.t.JMeterThread: Thread is done: 100 Users GET /cars 1-4
2025-04-17 12:35:22,040 INFO o.a.j.t.JMeterThread: Thread finished: 100 Users GET /cars 1-4
2025-04-17 12:35:22,040 INFO o.a.j.t.JMeterThread: Thread is done: 100 Users GET /cars 1-13
2025-04-17 12:35:22,041 INFO o.a.j.t.JMeterThread: Thread finished: 100 Users GET /cars 1-13
2025-04-17 12:35:22,045 INFO o.a.j.t.JMeterThread: Thread is done: 50 Users POST /cars/rent/R1 2-1
2025-04-17 12:35:22,045 INFO o.a.j.t.JMeterThread: Thread finished: 50 Users POST /cars/rent/R1 2-1
2025-04-17 12:35:22,045 INFO o.a.j.t.JMeterThread: Thread is done: 100 Users GET /cars 1-5
2025-04-17 12:35:22,046 INFO o.a.j.t.JMeterThread: Thread finished: 100 Users GET /cars 1-5
2025-04-17 12:35:22,048 INFO o.a.j.t.JMeterThread: Thread is done: 100 Users GET /cars 1-22
2025-04-17 12:35:22,048 INFO o.a.j.t.JMeterThread: Thread finished: 100 Users GET /cars 1-22
2025-04-17 12:35:22,050 INFO o.a.j.t.JMeterThread: Thread is done: 100 Users GET /cars 1-23
2025-04-17 12:35:22,050 INFO o.a.j.t.JMeterThread: Thread finished: 100 Users GET /cars 1-23
2025-04-17 12:35:22,054 INFO o.a.j.t.JMeterThread: Thread is done: 100 Users GET /cars 1-2
2025-04-17 12:35:22,054 INFO o.a.j.t.JMeterThread: Thread finished: 100 Users GET /cars 1-2
2025-04-17 12:35:22,058 INFO o.a.j.t.JMeterThread: Thread is done: 50 Users POST /cars/rent/R1 2-11
2025-04-17 12:35:22,058 INFO o.a.j.t.JMeterThread: Thread is done: 100 Users GET /cars 1-7
2025-04-17 12:35:22,058 INFO o.a.j.t.JMeterThread: Thread finished: 100 Users GET /cars 1-7
2025-04-17 12:35:22,058 INFO o.a.j.t.JMeterThread: Thread finished: 50 Users POST /cars/rent/R1 2-11
2025-04-17 12:35:22,060 INFO o.a.j.t.JMeterThread: Thread is done: 100 Users GET /cars 1-14
2025-04-17 12:35:22,060 INFO o.a.j.t.JMeterThread: Thread finished: 100 Users GET /cars 1-14
2025-04-17 12:35:22,060 INFO o.a.j.t.JMeterThread: Thread is done: 100 Users GET /cars 1-17
2025-04-17 12:35:22,060 INFO o.a.j.t.JMeterThread: Thread finished: 100 Users GET /cars 1-17
2025-04-17 12:35:22,061 INFO o.a.j.t.JMeterThread: Thread started: 100 Users GET /cars 1-24
2025-04-17 12:35:22,083 INFO o.a.j.t.JMeterThread: Thread is done: 100 Users GET /cars 1-16
2025-04-17 12:35:22,083 INFO o.a.j.t.JMeterThread: Thread is done: 100 Users GET /cars 1-19
2025-04-17 12:35:22,085 INFO o.a.j.t.JMeterThread: Thread finished: 100 Users GET /cars 1-16
2025-04-17 12:35:22,085 INFO o.a.j.t.JMeterThread: Thread finished: 100 Users GET /cars 1-19
2025-04-17 12:35:22,079 INFO o.a.j.t.JMeterThread: Thread is done: 50 Users POST /cars/rent/R1 2-17
2025-04-17 12:35:22,086 INFO o.a.j.t.JMeterThread: Thread finished: 50 Users POST /cars/rent/R1 2-17
2025-04-17 12:35:22,076 INFO o.a.j.t.JMeterThread: Thread is done: 100 Users GET /cars 1-20
2025-04-17 12:35:22,087 INFO o.a.j.t.JMeterThread: Thread finished: 100 Users GET /cars 1-20
2025-04-17 12:35:22,071 INFO o.a.j.t.JMeterThread: Thread started: 50 Users POST /cars/rent/R1 2-22
2025-04-17 12:35:22,071 INFO o.a.j.t.JMeterThread: Thread is done: 50 Users POST /cars/rent/R1 2-20
2025-04-17 12:35:22,091 INFO o.a.j.t.JMeterThread: Thread finished: 50 Users POST /cars/rent/R1 2-20
2025-04-17 12:35:22,092 INFO o.a.j.t.JMeterThread: Thread is done: 100 Users GET /cars 1-3
2025-04-17 12:35:22,092 INFO o.a.j.t.JMeterThread: Thread finished: 100 Users GET /cars 1-3
2025-04-17 12:35:22,070 INFO o.a.j.t.JMeterThread: Thread is done: 50 Users POST /cars/rent/R1 2-5
2025-04-17 12:35:22,069 INFO o.a.j.t.JMeterThread: Thread is done: 100 Users GET /cars 1-11
2025-04-17 12:35:22,094 INFO o.a.j.t.JMeterThread: Thread finished: 50 Users POST /cars/rent/R1 2-5
2025-04-17 12:35:22,094 INFO o.a.j.t.JMeterThread: Thread finished: 100 Users GET /cars 1-11
2025-04-17 12:35:22,066 INFO o.a.j.t.JMeterThread: Thread is done: 100 Users GET /cars 1-10
2025-04-17 12:35:22,096 INFO o.a.j.t.JMeterThread: Thread finished: 100 Users GET /cars 1-10
2025-04-17 12:35:22,067 INFO o.a.j.t.JMeterThread: Thread is done: 50 Users POST /cars/rent/R1 2-13
2025-04-17 12:35:22,067 INFO o.a.j.t.JMeterThread: Thread is done: 50 Users POST /cars/rent/R1 2-19
2025-04-17 12:35:22,067 INFO o.a.j.t.JMeterThread: Thread is done: 50 Users POST /cars/rent/R1 2-4
2025-04-17 12:35:22,099 INFO o.a.j.t.JMeterThread: Thread finished: 50 Users POST /cars/rent/R1 2-13
2025-04-17 12:35:22,099 INFO o.a.j.t.JMeterThread: Thread finished: 50 Users POST /cars/rent/R1 2-19
2025-04-17 12:35:22,099 INFO o.a.j.t.JMeterThread: Thread finished: 50 Users POST /cars/rent/R1 2-4
2025-04-17 12:35:22,111 INFO o.a.j.t.JMeterThread: Thread is done: 100 Users GET /cars 1-24
2025-04-17 12:35:22,112 INFO o.a.j.t.JMeterThread: Thread finished: 100 Users GET /cars 1-24
2025-04-17 12:35:22,113 INFO o.a.j.t.JMeterThread: Thread is done: 50 Users POST /cars/rent/R1 2-22
2025-04-17 12:35:22,113 INFO o.a.j.t.JMeterThread: Thread finished: 50 Users POST /cars/rent/R1 2-22
2025-04-17 12:35:22,114 INFO o.a.j.t.JMeterThread: Thread started: 50 Users POST /cars/rent/R1 2-23
2025-04-17 12:35:22,135 INFO o.a.j.t.JMeterThread: Thread is done: 50 Users POST /cars/rent/R1 2-23
2025-04-17 12:35:22,136 INFO o.a.j.t.JMeterThread: Thread finished: 50 Users POST /cars/rent/R1 2-23
2025-04-17 12:35:22,143 INFO o.a.j.t.JMeterThread: Thread started: 30 Users POST /cars/return/R1 3-14
2025-04-17 12:35:22,159 INFO o.a.j.t.JMeterThread: Thread is done: 30 Users POST /cars/return/R1 3-14
2025-04-17 12:35:22,159 INFO o.a.j.t.JMeterThread: Thread finished: 30 Users POST /cars/return/R1 3-14
2025-04-17 12:35:22,164 INFO o.a.j.t.JMeterThread: Thread started: 100 Users GET /cars 1-25
2025-04-17 12:35:22,177 INFO o.a.j.t.JMeterThread: Thread is done: 100 Users GET /cars 1-25
2025-04-17 12:35:22,177 INFO o.a.j.t.JMeterThread: Thread finished: 100 Users GET /cars 1-25
2025-04-17 12:35:22,208 INFO o.a.j.t.JMeterThread: Thread started: 50 Users POST /cars/rent/R1 2-24
2025-04-17 12:35:22,222 INFO o.a.j.t.JMeterThread: Thread is done: 50 Users POST /cars/rent/R1 2-24
2025-04-17 12:35:22,223 INFO o.a.j.t.JMeterThread: Thread finished: 50 Users POST /cars/rent/R1 2-24
2025-04-17 12:35:22,262 INFO o.a.j.t.JMeterThread: Thread started: 100 Users GET /cars 1-26
2025-04-17 12:35:22,276 INFO o.a.j.t.JMeterThread: Thread is done: 100 Users GET /cars 1-26
2025-04-17 12:35:22,277 INFO o.a.j.t.JMeterThread: Thread finished: 100 Users GET /cars 1-26
2025-04-17 12:35:22,300 INFO o.a.j.t.JMeterThread: Thread started: 30 Users POST /cars/return/R1 3-15
2025-04-17 12:35:22,302 INFO o.a.j.t.JMeterThread: Thread started: 50 Users POST /cars/rent/R1 2-25
2025-04-17 12:35:22,315 INFO o.a.j.t.JMeterThread: Thread is done: 30 Users POST /cars/return/R1 3-15
2025-04-17 12:35:22,315 INFO o.a.j.t.JMeterThread: Thread finished: 30 Users POST /cars/return/R1 3-15
2025-04-17 12:35:22,320 INFO o.a.j.t.JMeterThread: Thread is done: 50 Users POST /cars/rent/R1 2-25
2025-04-17 12:35:22,321 INFO o.a.j.t.JMeterThread: Thread finished: 50 Users POST /cars/rent/R1 2-25
2025-04-17 12:35:22,365 INFO o.a.j.t.JMeterThread: Thread started: 100 Users GET /cars 1-27
2025-04-17 12:35:22,386 INFO o.a.j.t.JMeterThread: Thread is done: 100 Users GET /cars 1-27
2025-04-17 12:35:22,386 INFO o.a.j.t.JMeterThread: Thread finished: 100 Users GET /cars 1-27
2025-04-17 12:35:22,403 INFO o.a.j.t.JMeterThread: Thread started: 50 Users POST /cars/rent/R1 2-26
2025-04-17 12:35:22,419 INFO o.a.j.t.JMeterThread: Thread is done: 50 Users POST /cars/rent/R1 2-26
2025-04-17 12:35:22,419 INFO o.a.j.t.JMeterThread: Thread finished: 50 Users POST /cars/rent/R1 2-26
2025-04-17 12:35:22,466 INFO o.a.j.t.JMeterThread: Thread started: 100 Users GET /cars 1-28
2025-04-17 12:35:22,469 INFO o.a.j.t.JMeterThread: Thread started: 30 Users POST /cars/return/R1 3-16
2025-04-17 12:35:22,481 INFO o.a.j.t.JMeterThread: Thread is done: 100 Users GET /cars 1-28
2025-04-17 12:35:22,481 INFO o.a.j.t.JMeterThread: Thread finished: 100 Users GET /cars 1-28
2025-04-17 12:35:22,485 INFO o.a.j.t.JMeterThread: Thread is done: 30 Users POST /cars/return/R1 3-16
2025-04-17 12:35:22,485 INFO o.a.j.t.JMeterThread: Thread finished: 30 Users POST /cars/return/R1 3-16
2025-04-17 12:35:22,502 INFO o.a.j.t.JMeterThread: Thread started: 50 Users POST /cars/rent/R1 2-27
2025-04-17 12:35:22,519 INFO o.a.j.t.JMeterThread: Thread is done: 50 Users POST /cars/rent/R1 2-27
2025-04-17 12:35:22,520 INFO o.a.j.t.JMeterThread: Thread finished: 50 Users POST /cars/rent/R1 2-27
2025-04-17 12:35:22,569 INFO o.a.j.t.JMeterThread: Thread started: 100 Users GET /cars 1-29
2025-04-17 12:35:22,585 INFO o.a.j.t.JMeterThread: Thread is done: 100 Users GET /cars 1-29
2025-04-17 12:35:22,586 INFO o.a.j.t.JMeterThread: Thread finished: 100 Users GET /cars 1-29
2025-04-17 12:35:22,607 INFO o.a.j.t.JMeterThread: Thread started: 50 Users POST /cars/rent/R1 2-28
2025-04-17 12:35:22,626 INFO o.a.j.t.JMeterThread: Thread is done: 50 Users POST /cars/rent/R1 2-28
2025-04-17 12:35:22,627 INFO o.a.j.t.JMeterThread: Thread finished: 50 Users POST /cars/rent/R1 2-28
2025-04-17 12:35:22,642 INFO o.a.j.t.JMeterThread: Thread started: 30 Users POST /cars/return/R1 3-17
2025-04-17 12:35:22,663 INFO o.a.j.t.JMeterThread: Thread is done: 30 Users POST /cars/return/R1 3-17
2025-04-17 12:35:22,663 INFO o.a.j.t.JMeterThread: Thread finished: 30 Users POST /cars/return/R1 3-17
2025-04-17 12:35:22,669 INFO o.a.j.t.JMeterThread: Thread started: 100 Users GET /cars 1-30
2025-04-17 12:35:22,688 INFO o.a.j.t.JMeterThread: Thread is done: 100 Users GET /cars 1-30
2025-04-17 12:35:22,688 INFO o.a.j.t.JMeterThread: Thread finished: 100 Users GET /cars 1-30
2025-04-17 12:35:22,702 INFO o.a.j.t.JMeterThread: Thread started: 50 Users POST /cars/rent/R1 2-29
2025-04-17 12:35:22,729 INFO o.a.j.t.JMeterThread: Thread is done: 50 Users POST /cars/rent/R1 2-29
2025-04-17 12:35:22,730 INFO o.a.j.t.JMeterThread: Thread finished: 50 Users POST /cars/rent/R1 2-29
2025-04-17 12:35:22,767 INFO o.a.j.t.JMeterThread: Thread started: 100 Users GET /cars 1-31
2025-04-17 12:35:22,787 INFO o.a.j.t.JMeterThread: Thread is done: 100 Users GET /cars 1-31
2025-04-17 12:35:22,788 INFO o.a.j.t.JMeterThread: Thread finished: 100 Users GET /cars 1-31
2025-04-17 12:35:22,799 INFO o.a.j.t.JMeterThread: Thread started: 50 Users POST /cars/rent/R1 2-30
2025-04-17 12:35:22,808 INFO o.a.j.t.JMeterThread: Thread started: 30 Users POST /cars/return/R1 3-18
2025-04-17 12:35:22,843 INFO o.a.j.t.JMeterThread: Thread is done: 50 Users POST /cars/rent/R1 2-30
2025-04-17 12:35:22,843 INFO o.a.j.t.JMeterThread: Thread finished: 50 Users POST /cars/rent/R1 2-30
2025-04-17 12:35:22,844 INFO o.a.j.t.JMeterThread: Thread is done: 30 Users POST /cars/return/R1 3-18
2025-04-17 12:35:22,845 INFO o.a.j.t.JMeterThread: Thread finished: 30 Users POST /cars/return/R1 3-18
2025-04-17 12:35:22,864 INFO o.a.j.t.JMeterThread: Thread started: 100 Users GET /cars 1-32
2025-04-17 12:35:22,879 INFO o.a.j.t.JMeterThread: Thread is done: 100 Users GET /cars 1-32
2025-04-17 12:35:22,879 INFO o.a.j.t.JMeterThread: Thread finished: 100 Users GET /cars 1-32
2025-04-17 12:35:22,902 INFO o.a.j.t.JMeterThread: Thread started: 50 Users POST /cars/rent/R1 2-31
2025-04-17 12:35:22,922 INFO o.a.j.t.JMeterThread: Thread is done: 50 Users POST /cars/rent/R1 2-31
2025-04-17 12:35:22,923 INFO o.a.j.t.JMeterThread: Thread finished: 50 Users POST /cars/rent/R1 2-31
2025-04-17 12:35:22,965 INFO o.a.j.t.JMeterThread: Thread started: 100 Users GET /cars 1-33
2025-04-17 12:35:22,969 INFO o.a.j.t.JMeterThread: Thread started: 30 Users POST /cars/return/R1 3-19
2025-04-17 12:35:22,986 INFO o.a.j.t.JMeterThread: Thread is done: 30 Users POST /cars/return/R1 3-19
2025-04-17 12:35:22,987 INFO o.a.j.t.JMeterThread: Thread finished: 30 Users POST /cars/return/R1 3-19
2025-04-17 12:35:22,993 INFO o.a.j.t.JMeterThread: Thread is done: 100 Users GET /cars 1-33
2025-04-17 12:35:22,994 INFO o.a.j.t.JMeterThread: Thread finished: 100 Users GET /cars 1-33
2025-04-17 12:35:23,000 INFO o.a.j.t.JMeterThread: Thread started: 50 Users POST /cars/rent/R1 2-32
2025-04-17 12:35:23,016 INFO o.a.j.t.JMeterThread: Thread is done: 50 Users POST /cars/rent/R1 2-32
2025-04-17 12:35:23,016 INFO o.a.j.t.JMeterThread: Thread finished: 50 Users POST /cars/rent/R1 2-32
2025-04-17 12:35:23,063 INFO o.a.j.t.JMeterThread: Thread started: 100 Users GET /cars 1-34
2025-04-17 12:35:23,077 INFO o.a.j.t.JMeterThread: Thread is done: 100 Users GET /cars 1-34
2025-04-17 12:35:23,077 INFO o.a.j.t.JMeterThread: Thread finished: 100 Users GET /cars 1-34
2025-04-17 12:35:23,100 INFO o.a.j.t.JMeterThread: Thread started: 50 Users POST /cars/rent/R1 2-33
2025-04-17 12:35:23,117 INFO o.a.j.t.JMeterThread: Thread is done: 50 Users POST /cars/rent/R1 2-33
2025-04-17 12:35:23,117 INFO o.a.j.t.JMeterThread: Thread finished: 50 Users POST /cars/rent/R1 2-33
2025-04-17 12:35:23,137 INFO o.a.j.t.JMeterThread: Thread started: 30 Users POST /cars/return/R1 3-20
2025-04-17 12:35:23,150 INFO o.a.j.t.JMeterThread: Thread is done: 30 Users POST /cars/return/R1 3-20
2025-04-17 12:35:23,150 INFO o.a.j.t.JMeterThread: Thread finished: 30 Users POST /cars/return/R1 3-20
2025-04-17 12:35:23,165 INFO o.a.j.t.JMeterThread: Thread started: 100 Users GET /cars 1-35
2025-04-17 12:35:23,176 INFO o.a.j.t.JMeterThread: Thread is done: 100 Users GET /cars 1-35
2025-04-17 12:35:23,177 INFO o.a.j.t.JMeterThread: Thread finished: 100 Users GET /cars 1-35
2025-04-17 12:35:23,200 INFO o.a.j.t.JMeterThread: Thread started: 50 Users POST /cars/rent/R1 2-34
2025-04-17 12:35:23,211 INFO o.a.j.t.JMeterThread: Thread is done: 50 Users POST /cars/rent/R1 2-34
2025-04-17 12:35:23,211 INFO o.a.j.t.JMeterThread: Thread finished: 50 Users POST /cars/rent/R1 2-34
2025-04-17 12:35:23,264 INFO o.a.j.t.JMeterThread: Thread started: 100 Users GET /cars 1-36
2025-04-17 12:35:23,275 INFO o.a.j.t.JMeterThread: Thread is done: 100 Users GET /cars 1-36
2025-04-17 12:35:23,276 INFO o.a.j.t.JMeterThread: Thread finished: 100 Users GET /cars 1-36
2025-04-17 12:35:23,301 INFO o.a.j.t.JMeterThread: Thread started: 50 Users POST /cars/rent/R1 2-35
2025-04-17 12:35:23,307 INFO o.a.j.t.JMeterThread: Thread started: 30 Users POST /cars/return/R1 3-21
2025-04-17 12:35:23,312 INFO o.a.j.t.JMeterThread: Thread is done: 50 Users POST /cars/rent/R1 2-35
2025-04-17 12:35:23,312 INFO o.a.j.t.JMeterThread: Thread finished: 50 Users POST /cars/rent/R1 2-35
2025-04-17 12:35:23,317 INFO o.a.j.t.JMeterThread: Thread is done: 30 Users POST /cars/return/R1 3-21
2025-04-17 12:35:23,317 INFO o.a.j.t.JMeterThread: Thread finished: 30 Users POST /cars/return/R1 3-21
2025-04-17 12:35:23,362 INFO o.a.j.t.JMeterThread: Thread started: 100 Users GET /cars 1-37
2025-04-17 12:35:23,372 INFO o.a.j.t.JMeterThread: Thread is done: 100 Users GET /cars 1-37
2025-04-17 12:35:23,372 INFO o.a.j.t.JMeterThread: Thread finished: 100 Users GET /cars 1-37
2025-04-17 12:35:23,399 INFO o.a.j.t.JMeterThread: Thread started: 50 Users POST /cars/rent/R1 2-36
2025-04-17 12:35:23,409 INFO o.a.j.t.JMeterThread: Thread is done: 50 Users POST /cars/rent/R1 2-36
2025-04-17 12:35:23,409 INFO o.a.j.t.JMeterThread: Thread finished: 50 Users POST /cars/rent/R1 2-36
2025-04-17 12:35:23,462 INFO o.a.j.t.JMeterThread: Thread started: 100 Users GET /cars 1-38
2025-04-17 12:35:23,470 INFO o.a.j.t.JMeterThread: Thread is done: 100 Users GET /cars 1-38
2025-04-17 12:35:23,470 INFO o.a.j.t.JMeterThread: Thread finished: 100 Users GET /cars 1-38
2025-04-17 12:35:23,471 INFO o.a.j.t.JMeterThread: Thread started: 30 Users POST /cars/return/R1 3-22
2025-04-17 12:35:23,482 INFO o.a.j.t.JMeterThread: Thread is done: 30 Users POST /cars/return/R1 3-22
2025-04-17 12:35:23,483 INFO o.a.j.t.JMeterThread: Thread finished: 30 Users POST /cars/return/R1 3-22
2025-04-17 12:35:23,507 INFO o.a.j.t.JMeterThread: Thread started: 50 Users POST /cars/rent/R1 2-37
2025-04-17 12:35:23,519 INFO o.a.j.t.JMeterThread: Thread is done: 50 Users POST /cars/rent/R1 2-37
2025-04-17 12:35:23,520 INFO o.a.j.t.JMeterThread: Thread finished: 50 Users POST /cars/rent/R1 2-37
2025-04-17 12:35:23,563 INFO o.a.j.t.JMeterThread: Thread started: 100 Users GET /cars 1-39
2025-04-17 12:35:23,574 INFO o.a.j.t.JMeterThread: Thread is done: 100 Users GET /cars 1-39
2025-04-17 12:35:23,574 INFO o.a.j.t.JMeterThread: Thread finished: 100 Users GET /cars 1-39
2025-04-17 12:35:23,607 INFO o.a.j.t.JMeterThread: Thread started: 50 Users POST /cars/rent/R1 2-38
2025-04-17 12:35:23,618 INFO o.a.j.t.JMeterThread: Thread is done: 50 Users POST /cars/rent/R1 2-38
2025-04-17 12:35:23,619 INFO o.a.j.t.JMeterThread: Thread finished: 50 Users POST /cars/rent/R1 2-38
2025-04-17 12:35:23,635 INFO o.a.j.t.JMeterThread: Thread started: 30 Users POST /cars/return/R1 3-23
2025-04-17 12:35:23,647 INFO o.a.j.t.JMeterThread: Thread is done: 30 Users POST /cars/return/R1 3-23
2025-04-17 12:35:23,647 INFO o.a.j.t.JMeterThread: Thread finished: 30 Users POST /cars/return/R1 3-23
2025-04-17 12:35:23,663 INFO o.a.j.t.JMeterThread: Thread started: 100 Users GET /cars 1-40
2025-04-17 12:35:23,675 INFO o.a.j.t.JMeterThread: Thread is done: 100 Users GET /cars 1-40
2025-04-17 12:35:23,675 INFO o.a.j.t.JMeterThread: Thread finished: 100 Users GET /cars 1-40
2025-04-17 12:35:23,703 INFO o.a.j.t.JMeterThread: Thread started: 50 Users POST /cars/rent/R1 2-39
2025-04-17 12:35:23,717 INFO o.a.j.t.JMeterThread: Thread is done: 50 Users POST /cars/rent/R1 2-39
2025-04-17 12:35:23,718 INFO o.a.j.t.JMeterThread: Thread finished: 50 Users POST /cars/rent/R1 2-39
2025-04-17 12:35:23,766 INFO o.a.j.t.JMeterThread: Thread started: 100 Users GET /cars 1-41
2025-04-17 12:35:23,776 INFO o.a.j.t.JMeterThread: Thread is done: 100 Users GET /cars 1-41
2025-04-17 12:35:23,776 INFO o.a.j.t.JMeterThread: Thread finished: 100 Users GET /cars 1-41
2025-04-17 12:35:23,802 INFO o.a.j.t.JMeterThread: Thread started: 50 Users POST /cars/rent/R1 2-40
2025-04-17 12:35:23,808 INFO o.a.j.t.JMeterThread: Thread started: 30 Users POST /cars/return/R1 3-24
2025-04-17 12:35:23,816 INFO o.a.j.t.JMeterThread: Thread is done: 50 Users POST /cars/rent/R1 2-40
2025-04-17 12:35:23,816 INFO o.a.j.t.JMeterThread: Thread finished: 50 Users POST /cars/rent/R1 2-40
2025-04-17 12:35:23,820 INFO o.a.j.t.JMeterThread: Thread is done: 30 Users POST /cars/return/R1 3-24
2025-04-17 12:35:23,820 INFO o.a.j.t.JMeterThread: Thread finished: 30 Users POST /cars/return/R1 3-24
2025-04-17 12:35:23,869 INFO o.a.j.t.JMeterThread: Thread started: 100 Users GET /cars 1-42
2025-04-17 12:35:23,879 INFO o.a.j.t.JMeterThread: Thread is done: 100 Users GET /cars 1-42
2025-04-17 12:35:23,879 INFO o.a.j.t.JMeterThread: Thread finished: 100 Users GET /cars 1-42
2025-04-17 12:35:23,910 INFO o.a.j.t.JMeterThread: Thread started: 50 Users POST /cars/rent/R1 2-41
2025-04-17 12:35:23,918 INFO o.a.j.t.JMeterThread: Thread is done: 50 Users POST /cars/rent/R1 2-41
2025-04-17 12:35:23,918 INFO o.a.j.t.JMeterThread: Thread finished: 50 Users POST /cars/rent/R1 2-41
2025-04-17 12:35:23,963 INFO o.a.j.t.JMeterThread: Thread started: 100 Users GET /cars 1-43
2025-04-17 12:35:23,971 INFO o.a.j.t.JMeterThread: Thread is done: 100 Users GET /cars 1-43
2025-04-17 12:35:23,972 INFO o.a.j.t.JMeterThread: Thread finished: 100 Users GET /cars 1-43
2025-04-17 12:35:23,973 INFO o.a.j.t.JMeterThread: Thread started: 30 Users POST /cars/return/R1 3-25
2025-04-17 12:35:23,982 INFO o.a.j.t.JMeterThread: Thread is done: 30 Users POST /cars/return/R1 3-25
2025-04-17 12:35:23,983 INFO o.a.j.t.JMeterThread: Thread finished: 30 Users POST /cars/return/R1 3-25
2025-04-17 12:35:24,000 INFO o.a.j.t.JMeterThread: Thread started: 50 Users POST /cars/rent/R1 2-42
2025-04-17 12:35:24,010 INFO o.a.j.t.JMeterThread: Thread is done: 50 Users POST /cars/rent/R1 2-42
2025-04-17 12:35:24,010 INFO o.a.j.t.JMeterThread: Thread finished: 50 Users POST /cars/rent/R1 2-42
2025-04-17 12:35:24,063 INFO o.a.j.t.JMeterThread: Thread started: 100 Users GET /cars 1-44
2025-04-17 12:35:24,074 INFO o.a.j.t.JMeterThread: Thread is done: 100 Users GET /cars 1-44
2025-04-17 12:35:24,074 INFO o.a.j.t.JMeterThread: Thread finished: 100 Users GET /cars 1-44
2025-04-17 12:35:24,109 INFO o.a.j.t.JMeterThread: Thread started: 50 Users POST /cars/rent/R1 2-43
2025-04-17 12:35:24,116 INFO o.a.j.t.JMeterThread: Thread is done: 50 Users POST /cars/rent/R1 2-43
2025-04-17 12:35:24,116 INFO o.a.j.t.JMeterThread: Thread finished: 50 Users POST /cars/rent/R1 2-43
2025-04-17 12:35:24,138 INFO o.a.j.t.JMeterThread: Thread started: 30 Users POST /cars/return/R1 3-26
2025-04-17 12:35:24,146 INFO o.a.j.t.JMeterThread: Thread is done: 30 Users POST /cars/return/R1 3-26
2025-04-17 12:35:24,146 INFO o.a.j.t.JMeterThread: Thread finished: 30 Users POST /cars/return/R1 3-26
2025-04-17 12:35:24,163 INFO o.a.j.t.JMeterThread: Thread started: 100 Users GET /cars 1-45
2025-04-17 12:35:24,169 INFO o.a.j.t.JMeterThread: Thread is done: 100 Users GET /cars 1-45
2025-04-17 12:35:24,169 INFO o.a.j.t.JMeterThread: Thread finished: 100 Users GET /cars 1-45
2025-04-17 12:35:24,197 INFO o.a.j.t.JMeterThread: Thread started: 50 Users POST /cars/rent/R1 2-44
2025-04-17 12:35:24,203 INFO o.a.j.t.JMeterThread: Thread is done: 50 Users POST /cars/rent/R1 2-44
2025-04-17 12:35:24,203 INFO o.a.j.t.JMeterThread: Thread finished: 50 Users POST /cars/rent/R1 2-44
2025-04-17 12:35:24,261 INFO o.a.j.t.JMeterThread: Thread started: 100 Users GET /cars 1-46
2025-04-17 12:35:24,267 INFO o.a.j.t.JMeterThread: Thread is done: 100 Users GET /cars 1-46
2025-04-17 12:35:24,267 INFO o.a.j.t.JMeterThread: Thread finished: 100 Users GET /cars 1-46
2025-04-17 12:35:24,304 INFO o.a.j.t.JMeterThread: Thread started: 50 Users POST /cars/rent/R1 2-45
2025-04-17 12:35:24,306 INFO o.a.j.t.JMeterThread: Thread started: 30 Users POST /cars/return/R1 3-27
2025-04-17 12:35:24,313 INFO o.a.j.t.JMeterThread: Thread is done: 50 Users POST /cars/rent/R1 2-45
2025-04-17 12:35:24,313 INFO o.a.j.t.JMeterThread: Thread finished: 50 Users POST /cars/rent/R1 2-45
2025-04-17 12:35:24,314 INFO o.a.j.t.JMeterThread: Thread is done: 30 Users POST /cars/return/R1 3-27
2025-04-17 12:35:24,314 INFO o.a.j.t.JMeterThread: Thread finished: 30 Users POST /cars/return/R1 3-27
2025-04-17 12:35:24,361 INFO o.a.j.t.JMeterThread: Thread started: 100 Users GET /cars 1-47
2025-04-17 12:35:24,366 INFO o.a.j.t.JMeterThread: Thread is done: 100 Users GET /cars 1-47
2025-04-17 12:35:24,366 INFO o.a.j.t.JMeterThread: Thread finished: 100 Users GET /cars 1-47
2025-04-17 12:35:24,404 INFO o.a.j.t.JMeterThread: Thread started: 50 Users POST /cars/rent/R1 2-46
2025-04-17 12:35:24,411 INFO o.a.j.t.JMeterThread: Thread is done: 50 Users POST /cars/rent/R1 2-46
2025-04-17 12:35:24,412 INFO o.a.j.t.JMeterThread: Thread finished: 50 Users POST /cars/rent/R1 2-46
2025-04-17 12:35:24,461 INFO o.a.j.t.JMeterThread: Thread started: 100 Users GET /cars 1-48
2025-04-17 12:35:24,468 INFO o.a.j.t.JMeterThread: Thread is done: 100 Users GET /cars 1-48
2025-04-17 12:35:24,468 INFO o.a.j.t.JMeterThread: Thread finished: 100 Users GET /cars 1-48
2025-04-17 12:35:24,471 INFO o.a.j.t.JMeterThread: Thread started: 30 Users POST /cars/return/R1 3-28
2025-04-17 12:35:24,479 INFO o.a.j.t.JMeterThread: Thread is done: 30 Users POST /cars/return/R1 3-28
2025-04-17 12:35:24,480 INFO o.a.j.t.JMeterThread: Thread finished: 30 Users POST /cars/return/R1 3-28
2025-04-17 12:35:24,502 INFO o.a.j.t.JMeterThread: Thread started: 50 Users POST /cars/rent/R1 2-47
2025-04-17 12:35:24,511 INFO o.a.j.t.JMeterThread: Thread is done: 50 Users POST /cars/rent/R1 2-47
2025-04-17 12:35:24,511 INFO o.a.j.t.JMeterThread: Thread finished: 50 Users POST /cars/rent/R1 2-47
2025-04-17 12:35:24,562 INFO o.a.j.t.JMeterThread: Thread started: 100 Users GET /cars 1-49
2025-04-17 12:35:24,569 INFO o.a.j.t.JMeterThread: Thread is done: 100 Users GET /cars 1-49
2025-04-17 12:35:24,569 INFO o.a.j.t.JMeterThread: Thread finished: 100 Users GET /cars 1-49
2025-04-17 12:35:24,601 INFO o.a.j.t.JMeterThread: Thread started: 50 Users POST /cars/rent/R1 2-48
2025-04-17 12:35:24,610 INFO o.a.j.t.JMeterThread: Thread is done: 50 Users POST /cars/rent/R1 2-48
2025-04-17 12:35:24,610 INFO o.a.j.t.JMeterThread: Thread finished: 50 Users POST /cars/rent/R1 2-48
2025-04-17 12:35:24,637 INFO o.a.j.t.JMeterThread: Thread started: 30 Users POST /cars/return/R1 3-29
2025-04-17 12:35:24,646 INFO o.a.j.t.JMeterThread: Thread is done: 30 Users POST /cars/return/R1 3-29
2025-04-17 12:35:24,646 INFO o.a.j.t.JMeterThread: Thread finished: 30 Users POST /cars/return/R1 3-29
2025-04-17 12:35:24,662 INFO o.a.j.t.JMeterThread: Thread started: 100 Users GET /cars 1-50
2025-04-17 12:35:24,670 INFO o.a.j.t.JMeterThread: Thread is done: 100 Users GET /cars 1-50
2025-04-17 12:35:24,670 INFO o.a.j.t.JMeterThread: Thread finished: 100 Users GET /cars 1-50
2025-04-17 12:35:24,698 INFO o.a.j.t.JMeterThread: Thread started: 50 Users POST /cars/rent/R1 2-49
2025-04-17 12:35:24,713 INFO o.a.j.t.JMeterThread: Thread is done: 50 Users POST /cars/rent/R1 2-49
2025-04-17 12:35:24,713 INFO o.a.j.t.JMeterThread: Thread finished: 50 Users POST /cars/rent/R1 2-49
2025-04-17 12:35:24,761 INFO o.a.j.t.JMeterThread: Thread started: 100 Users GET /cars 1-51
2025-04-17 12:35:24,783 INFO o.a.j.t.JMeterThread: Thread is done: 100 Users GET /cars 1-51
2025-04-17 12:35:24,784 INFO o.a.j.t.JMeterThread: Thread finished: 100 Users GET /cars 1-51
2025-04-17 12:35:24,799 INFO o.a.j.t.JMeterThread: Thread started: 50 Users POST /cars/rent/R1 2-50
2025-04-17 12:35:24,813 INFO o.a.j.t.JMeterThread: Thread started: 30 Users POST /cars/return/R1 3-30
2025-04-17 12:35:24,824 INFO o.a.j.t.JMeterThread: Thread is done: 50 Users POST /cars/rent/R1 2-50
2025-04-17 12:35:24,826 INFO o.a.j.t.JMeterThread: Thread finished: 50 Users POST /cars/rent/R1 2-50
2025-04-17 12:35:24,841 INFO o.a.j.t.JMeterThread: Thread is done: 30 Users POST /cars/return/R1 3-30
2025-04-17 12:35:24,842 INFO o.a.j.t.JMeterThread: Thread finished: 30 Users POST /cars/return/R1 3-30
2025-04-17 12:35:24,862 INFO o.a.j.t.JMeterThread: Thread started: 100 Users GET /cars 1-52
2025-04-17 12:35:24,874 INFO o.a.j.t.JMeterThread: Thread is done: 100 Users GET /cars 1-52
2025-04-17 12:35:24,876 INFO o.a.j.t.JMeterThread: Thread finished: 100 Users GET /cars 1-52
2025-04-17 12:35:24,964 INFO o.a.j.t.JMeterThread: Thread started: 100 Users GET /cars 1-53
2025-04-17 12:35:24,975 INFO o.a.j.t.JMeterThread: Thread is done: 100 Users GET /cars 1-53
2025-04-17 12:35:24,975 INFO o.a.j.t.JMeterThread: Thread finished: 100 Users GET /cars 1-53
2025-04-17 12:35:25,062 INFO o.a.j.t.JMeterThread: Thread started: 100 Users GET /cars 1-54
2025-04-17 12:35:25,069 INFO o.a.j.t.JMeterThread: Thread is done: 100 Users GET /cars 1-54
2025-04-17 12:35:25,069 INFO o.a.j.t.JMeterThread: Thread finished: 100 Users GET /cars 1-54
2025-04-17 12:35:25,163 INFO o.a.j.t.JMeterThread: Thread started: 100 Users GET /cars 1-55
2025-04-17 12:35:25,175 INFO o.a.j.t.JMeterThread: Thread is done: 100 Users GET /cars 1-55
2025-04-17 12:35:25,175 INFO o.a.j.t.JMeterThread: Thread finished: 100 Users GET /cars 1-55
2025-04-17 12:35:25,262 INFO o.a.j.t.JMeterThread: Thread started: 100 Users GET /cars 1-56
2025-04-17 12:35:25,270 INFO o.a.j.t.JMeterThread: Thread is done: 100 Users GET /cars 1-56
2025-04-17 12:35:25,270 INFO o.a.j.t.JMeterThread: Thread finished: 100 Users GET /cars 1-56
2025-04-17 12:35:25,369 INFO o.a.j.t.JMeterThread: Thread started: 100 Users GET /cars 1-57
2025-04-17 12:35:25,376 INFO o.a.j.t.JMeterThread: Thread is done: 100 Users GET /cars 1-57
2025-04-17 12:35:25,377 INFO o.a.j.t.JMeterThread: Thread finished: 100 Users GET /cars 1-57
2025-04-17 12:35:25,469 INFO o.a.j.t.JMeterThread: Thread started: 100 Users GET /cars 1-58
2025-04-17 12:35:25,476 INFO o.a.j.t.JMeterThread: Thread is done: 100 Users GET /cars 1-58
2025-04-17 12:35:25,476 INFO o.a.j.t.JMeterThread: Thread finished: 100 Users GET /cars 1-58
2025-04-17 12:35:25,566 INFO o.a.j.t.JMeterThread: Thread started: 100 Users GET /cars 1-59
2025-04-17 12:35:25,572 INFO o.a.j.t.JMeterThread: Thread is done: 100 Users GET /cars 1-59
2025-04-17 12:35:25,572 INFO o.a.j.t.JMeterThread: Thread finished: 100 Users GET /cars 1-59
2025-04-17 12:35:25,664 INFO o.a.j.t.JMeterThread: Thread started: 100 Users GET /cars 1-60
2025-04-17 12:35:25,670 INFO o.a.j.t.JMeterThread: Thread is done: 100 Users GET /cars 1-60
2025-04-17 12:35:25,670 INFO o.a.j.t.JMeterThread: Thread finished: 100 Users GET /cars 1-60
2025-04-17 12:35:25,764 INFO o.a.j.t.JMeterThread: Thread started: 100 Users GET /cars 1-61
2025-04-17 12:35:25,769 INFO o.a.j.t.JMeterThread: Thread is done: 100 Users GET /cars 1-61
2025-04-17 12:35:25,769 INFO o.a.j.t.JMeterThread: Thread finished: 100 Users GET /cars 1-61
2025-04-17 12:35:25,863 INFO o.a.j.t.JMeterThread: Thread started: 100 Users GET /cars 1-62
2025-04-17 12:35:25,867 INFO o.a.j.t.JMeterThread: Thread is done: 100 Users GET /cars 1-62
2025-04-17 12:35:25,868 INFO o.a.j.t.JMeterThread: Thread finished: 100 Users GET /cars 1-62
2025-04-17 12:35:25,962 INFO o.a.j.t.JMeterThread: Thread started: 100 Users GET /cars 1-63
2025-04-17 12:35:25,967 INFO o.a.j.t.JMeterThread: Thread is done: 100 Users GET /cars 1-63
2025-04-17 12:35:25,967 INFO o.a.j.t.JMeterThread: Thread finished: 100 Users GET /cars 1-63
2025-04-17 12:35:26,062 INFO o.a.j.t.JMeterThread: Thread started: 100 Users GET /cars 1-64
2025-04-17 12:35:26,069 INFO o.a.j.t.JMeterThread: Thread is done: 100 Users GET /cars 1-64
2025-04-17 12:35:26,069 INFO o.a.j.t.JMeterThread: Thread finished: 100 Users GET /cars 1-64
2025-04-17 12:35:26,162 INFO o.a.j.t.JMeterThread: Thread started: 100 Users GET /cars 1-65
2025-04-17 12:35:26,167 INFO o.a.j.t.JMeterThread: Thread is done: 100 Users GET /cars 1-65
2025-04-17 12:35:26,167 INFO o.a.j.t.JMeterThread: Thread finished: 100 Users GET /cars 1-65
2025-04-17 12:35:26,262 INFO o.a.j.t.JMeterThread: Thread started: 100 Users GET /cars 1-66
2025-04-17 12:35:26,266 INFO o.a.j.t.JMeterThread: Thread is done: 100 Users GET /cars 1-66
2025-04-17 12:35:26,266 INFO o.a.j.t.JMeterThread: Thread finished: 100 Users GET /cars 1-66
2025-04-17 12:35:26,362 INFO o.a.j.t.JMeterThread: Thread started: 100 Users GET /cars 1-67
2025-04-17 12:35:26,366 INFO o.a.j.t.JMeterThread: Thread is done: 100 Users GET /cars 1-67
2025-04-17 12:35:26,366 INFO o.a.j.t.JMeterThread: Thread finished: 100 Users GET /cars 1-67
2025-04-17 12:35:26,462 INFO o.a.j.t.JMeterThread: Thread started: 100 Users GET /cars 1-68
2025-04-17 12:35:26,466 INFO o.a.j.t.JMeterThread: Thread is done: 100 Users GET /cars 1-68
2025-04-17 12:35:26,466 INFO o.a.j.t.JMeterThread: Thread finished: 100 Users GET /cars 1-68
2025-04-17 12:35:26,563 INFO o.a.j.t.JMeterThread: Thread started: 100 Users GET /cars 1-69
2025-04-17 12:35:26,567 INFO o.a.j.t.JMeterThread: Thread is done: 100 Users GET /cars 1-69
2025-04-17 12:35:26,567 INFO o.a.j.t.JMeterThread: Thread finished: 100 Users GET /cars 1-69
2025-04-17 12:35:26,663 INFO o.a.j.t.JMeterThread: Thread started: 100 Users GET /cars 1-70
2025-04-17 12:35:26,668 INFO o.a.j.t.JMeterThread: Thread is done: 100 Users GET /cars 1-70
2025-04-17 12:35:26,668 INFO o.a.j.t.JMeterThread: Thread finished: 100 Users GET /cars 1-70
2025-04-17 12:35:26,763 INFO o.a.j.t.JMeterThread: Thread started: 100 Users GET /cars 1-71
2025-04-17 12:35:26,768 INFO o.a.j.t.JMeterThread: Thread is done: 100 Users GET /cars 1-71
2025-04-17 12:35:26,768 INFO o.a.j.t.JMeterThread: Thread finished: 100 Users GET /cars 1-71
2025-04-17 12:35:26,866 INFO o.a.j.t.JMeterThread: Thread started: 100 Users GET /cars 1-72
2025-04-17 12:35:26,881 INFO o.a.j.t.JMeterThread: Thread is done: 100 Users GET /cars 1-72
2025-04-17 12:35:26,881 INFO o.a.j.t.JMeterThread: Thread finished: 100 Users GET /cars 1-72
2025-04-17 12:35:26,967 INFO o.a.j.t.JMeterThread: Thread started: 100 Users GET /cars 1-73
2025-04-17 12:35:26,972 INFO o.a.j.t.JMeterThread: Thread is done: 100 Users GET /cars 1-73
2025-04-17 12:35:26,972 INFO o.a.j.t.JMeterThread: Thread finished: 100 Users GET /cars 1-73
2025-04-17 12:35:27,066 INFO o.a.j.t.JMeterThread: Thread started: 100 Users GET /cars 1-74
2025-04-17 12:35:27,081 INFO o.a.j.t.JMeterThread: Thread is done: 100 Users GET /cars 1-74
2025-04-17 12:35:27,081 INFO o.a.j.t.JMeterThread: Thread finished: 100 Users GET /cars 1-74
2025-04-17 12:35:27,166 INFO o.a.j.t.JMeterThread: Thread started: 100 Users GET /cars 1-75
2025-04-17 12:35:27,172 INFO o.a.j.t.JMeterThread: Thread is done: 100 Users GET /cars 1-75
2025-04-17 12:35:27,172 INFO o.a.j.t.JMeterThread: Thread finished: 100 Users GET /cars 1-75
2025-04-17 12:35:27,264 INFO o.a.j.t.JMeterThread: Thread started: 100 Users GET /cars 1-76
2025-04-17 12:35:27,270 INFO o.a.j.t.JMeterThread: Thread is done: 100 Users GET /cars 1-76
2025-04-17 12:35:27,270 INFO o.a.j.t.JMeterThread: Thread finished: 100 Users GET /cars 1-76
2025-04-17 12:35:27,362 INFO o.a.j.t.JMeterThread: Thread started: 100 Users GET /cars 1-77
2025-04-17 12:35:27,367 INFO o.a.j.t.JMeterThread: Thread is done: 100 Users GET /cars 1-77
2025-04-17 12:35:27,367 INFO o.a.j.t.JMeterThread: Thread finished: 100 Users GET /cars 1-77
2025-04-17 12:35:27,463 INFO o.a.j.t.JMeterThread: Thread started: 100 Users GET /cars 1-78
2025-04-17 12:35:27,469 INFO o.a.j.t.JMeterThread: Thread is done: 100 Users GET /cars 1-78
2025-04-17 12:35:27,469 INFO o.a.j.t.JMeterThread: Thread finished: 100 Users GET /cars 1-78
2025-04-17 12:35:27,565 INFO o.a.j.t.JMeterThread: Thread started: 100 Users GET /cars 1-79
2025-04-17 12:35:27,571 INFO o.a.j.t.JMeterThread: Thread is done: 100 Users GET /cars 1-79
2025-04-17 12:35:27,571 INFO o.a.j.t.JMeterThread: Thread finished: 100 Users GET /cars 1-79
2025-04-17 12:35:27,664 INFO o.a.j.t.JMeterThread: Thread started: 100 Users GET /cars 1-80
2025-04-17 12:35:27,671 INFO o.a.j.t.JMeterThread: Thread is done: 100 Users GET /cars 1-80
2025-04-17 12:35:27,671 INFO o.a.j.t.JMeterThread: Thread finished: 100 Users GET /cars 1-80
2025-04-17 12:35:27,761 INFO o.a.j.t.JMeterThread: Thread started: 100 Users GET /cars 1-81
2025-04-17 12:35:27,767 INFO o.a.j.t.JMeterThread: Thread is done: 100 Users GET /cars 1-81
2025-04-17 12:35:27,767 INFO o.a.j.t.JMeterThread: Thread finished: 100 Users GET /cars 1-81
2025-04-17 12:35:27,862 INFO o.a.j.t.JMeterThread: Thread started: 100 Users GET /cars 1-82
2025-04-17 12:35:27,868 INFO o.a.j.t.JMeterThread: Thread is done: 100 Users GET /cars 1-82
2025-04-17 12:35:27,868 INFO o.a.j.t.JMeterThread: Thread finished: 100 Users GET /cars 1-82
2025-04-17 12:35:27,962 INFO o.a.j.t.JMeterThread: Thread started: 100 Users GET /cars 1-83
2025-04-17 12:35:27,967 INFO o.a.j.t.JMeterThread: Thread is done: 100 Users GET /cars 1-83
2025-04-17 12:35:27,967 INFO o.a.j.t.JMeterThread: Thread finished: 100 Users GET /cars 1-83
2025-04-17 12:35:28,063 INFO o.a.j.t.JMeterThread: Thread started: 100 Users GET /cars 1-84
2025-04-17 12:35:28,068 INFO o.a.j.t.JMeterThread: Thread is done: 100 Users GET /cars 1-84
2025-04-17 12:35:28,068 INFO o.a.j.t.JMeterThread: Thread finished: 100 Users GET /cars 1-84
2025-04-17 12:35:28,162 INFO o.a.j.t.JMeterThread: Thread started: 100 Users GET /cars 1-85
2025-04-17 12:35:28,167 INFO o.a.j.t.JMeterThread: Thread is done: 100 Users GET /cars 1-85
2025-04-17 12:35:28,167 INFO o.a.j.t.JMeterThread: Thread finished: 100 Users GET /cars 1-85
2025-04-17 12:35:28,263 INFO o.a.j.t.JMeterThread: Thread started: 100 Users GET /cars 1-86
2025-04-17 12:35:28,267 INFO o.a.j.t.JMeterThread: Thread is done: 100 Users GET /cars 1-86
2025-04-17 12:35:28,268 INFO o.a.j.t.JMeterThread: Thread finished: 100 Users GET /cars 1-86
2025-04-17 12:35:28,362 INFO o.a.j.t.JMeterThread: Thread started: 100 Users GET /cars 1-87
2025-04-17 12:35:28,367 INFO o.a.j.t.JMeterThread: Thread is done: 100 Users GET /cars 1-87
2025-04-17 12:35:28,367 INFO o.a.j.t.JMeterThread: Thread finished: 100 Users GET /cars 1-87
2025-04-17 12:35:28,464 INFO o.a.j.t.JMeterThread: Thread started: 100 Users GET /cars 1-88
2025-04-17 12:35:28,468 INFO o.a.j.t.JMeterThread: Thread is done: 100 Users GET /cars 1-88
2025-04-17 12:35:28,468 INFO o.a.j.t.JMeterThread: Thread finished: 100 Users GET /cars 1-88
2025-04-17 12:35:28,567 INFO o.a.j.t.JMeterThread: Thread started: 100 Users GET /cars 1-89
2025-04-17 12:35:28,572 INFO o.a.j.t.JMeterThread: Thread is done: 100 Users GET /cars 1-89
2025-04-17 12:35:28,572 INFO o.a.j.t.JMeterThread: Thread finished: 100 Users GET /cars 1-89
2025-04-17 12:35:28,666 INFO o.a.j.t.JMeterThread: Thread started: 100 Users GET /cars 1-90
2025-04-17 12:35:28,670 INFO o.a.j.t.JMeterThread: Thread is done: 100 Users GET /cars 1-90
2025-04-17 12:35:28,670 INFO o.a.j.t.JMeterThread: Thread finished: 100 Users GET /cars 1-90
2025-04-17 12:35:28,764 INFO o.a.j.t.JMeterThread: Thread started: 100 Users GET /cars 1-91
2025-04-17 12:35:28,768 INFO o.a.j.t.JMeterThread: Thread is done: 100 Users GET /cars 1-91
2025-04-17 12:35:28,769 INFO o.a.j.t.JMeterThread: Thread finished: 100 Users GET /cars 1-91
2025-04-17 12:35:28,862 INFO o.a.j.t.JMeterThread: Thread started: 100 Users GET /cars 1-92
2025-04-17 12:35:28,867 INFO o.a.j.t.JMeterThread: Thread is done: 100 Users GET /cars 1-92
2025-04-17 12:35:28,867 INFO o.a.j.t.JMeterThread: Thread finished: 100 Users GET /cars 1-92
2025-04-17 12:35:28,965 INFO o.a.j.t.JMeterThread: Thread started: 100 Users GET /cars 1-93
2025-04-17 12:35:28,969 INFO o.a.j.t.JMeterThread: Thread is done: 100 Users GET /cars 1-93
2025-04-17 12:35:28,970 INFO o.a.j.t.JMeterThread: Thread finished: 100 Users GET /cars 1-93
2025-04-17 12:35:29,062 INFO o.a.j.t.JMeterThread: Thread started: 100 Users GET /cars 1-94
2025-04-17 12:35:29,068 INFO o.a.j.t.JMeterThread: Thread is done: 100 Users GET /cars 1-94
2025-04-17 12:35:29,068 INFO o.a.j.t.JMeterThread: Thread finished: 100 Users GET /cars 1-94
2025-04-17 12:35:29,163 INFO o.a.j.t.JMeterThread: Thread started: 100 Users GET /cars 1-95
2025-04-17 12:35:29,173 INFO o.a.j.t.JMeterThread: Thread is done: 100 Users GET /cars 1-95
2025-04-17 12:35:29,173 INFO o.a.j.t.JMeterThread: Thread finished: 100 Users GET /cars 1-95
2025-04-17 12:35:29,263 INFO o.a.j.t.JMeterThread: Thread started: 100 Users GET /cars 1-96
2025-04-17 12:35:29,268 INFO o.a.j.t.JMeterThread: Thread is done: 100 Users GET /cars 1-96
2025-04-17 12:35:29,269 INFO o.a.j.t.JMeterThread: Thread finished: 100 Users GET /cars 1-96
2025-04-17 12:35:29,362 INFO o.a.j.t.JMeterThread: Thread started: 100 Users GET /cars 1-97
2025-04-17 12:35:29,367 INFO o.a.j.t.JMeterThread: Thread is done: 100 Users GET /cars 1-97
2025-04-17 12:35:29,367 INFO o.a.j.t.JMeterThread: Thread finished: 100 Users GET /cars 1-97
2025-04-17 12:35:29,463 INFO o.a.j.t.JMeterThread: Thread started: 100 Users GET /cars 1-98
2025-04-17 12:35:29,468 INFO o.a.j.t.JMeterThread: Thread is done: 100 Users GET /cars 1-98
2025-04-17 12:35:29,468 INFO o.a.j.t.JMeterThread: Thread finished: 100 Users GET /cars 1-98
2025-04-17 12:35:29,562 INFO o.a.j.t.JMeterThread: Thread started: 100 Users GET /cars 1-99
2025-04-17 12:35:29,567 INFO o.a.j.t.JMeterThread: Thread is done: 100 Users GET /cars 1-99
2025-04-17 12:35:29,567 INFO o.a.j.t.JMeterThread: Thread finished: 100 Users GET /cars 1-99
2025-04-17 12:35:29,662 INFO o.a.j.t.JMeterThread: Thread started: 100 Users GET /cars 1-100
2025-04-17 12:35:29,666 INFO o.a.j.t.JMeterThread: Thread is done: 100 Users GET /cars 1-100
2025-04-17 12:35:29,667 INFO o.a.j.t.JMeterThread: Thread finished: 100 Users GET /cars 1-100
2025-04-17 12:35:29,667 INFO o.a.j.e.StandardJMeterEngine: Notifying test listeners of end of test
2025-04-17 12:35:29,670 INFO o.a.j.r.Summariser: summary =    180 in 00:00:10 =   18.0/s Avg:   334 Min:     3 Max:  1728 Err:     0 (0.00%)
2025-04-17 12:35:29,671 INFO o.a.j.JMeter: Generating Dashboard
2025-04-17 12:35:29,672 INFO o.a.j.r.d.ReportGenerator: Flushing result collector before report Generation
2025-04-17 12:35:29,704 INFO o.a.j.r.p.NormalizerSampleConsumer: Using format, 'ms', to parse timeStamp field
2025-04-17 12:35:30,146 INFO o.a.j.r.p.AbstractSampleConsumer: class org.apache.jmeter.report.processor.AggregateConsumer#stopProducing(): beginDate produced 0 samples
2025-04-17 12:35:30,146 INFO o.a.j.r.p.AbstractSampleConsumer: class org.apache.jmeter.report.processor.AggregateConsumer#stopProducing(): endDate produced 0 samples
2025-04-17 12:35:30,157 INFO o.a.j.r.p.AbstractSampleConsumer: class org.apache.jmeter.report.processor.ApdexSummaryConsumer#stopProducing(): apdexSummary produced 0 samples
2025-04-17 12:35:30,158 INFO o.a.j.r.p.AbstractSampleConsumer: class org.apache.jmeter.report.processor.RequestsSummaryConsumer#stopProducing(): requestsSummary produced 0 samples
2025-04-17 12:35:30,180 INFO o.a.j.r.p.AbstractSampleConsumer: class org.apache.jmeter.report.processor.StatisticsSummaryConsumer#stopProducing(): statisticsSummary produced 0 samples
2025-04-17 12:35:30,186 INFO o.a.j.r.p.AbstractSampleConsumer: class org.apache.jmeter.report.processor.Top5ErrorsBySamplerConsumer#stopProducing(): top5ErrorsBySampler produced 0 samples
2025-04-17 12:35:30,187 INFO o.a.j.r.p.AbstractSampleConsumer: class org.apache.jmeter.report.processor.ErrorsSummaryConsumer#stopProducing(): errorsSummary produced 0 samples
2025-04-17 12:35:30,187 INFO o.a.j.r.p.AbstractSampleConsumer: class org.apache.jmeter.report.processor.graph.impl.HitsPerSecondGraphConsumer#stopProducing(): hitsPerSecond produced 0 samples
2025-04-17 12:35:30,237 INFO o.a.j.r.p.AbstractSampleConsumer: class org.apache.jmeter.report.processor.graph.impl.LatencyVSRequestGraphConsumer#stopProducing(): latencyVsRequest produced 0 samples
2025-04-17 12:35:30,238 INFO o.a.j.r.p.AbstractSampleConsumer: class org.apache.jmeter.report.processor.graph.impl.SyntheticResponseTimeDistributionGraphConsumer#stopProducing(): syntheticResponseTimeDistribution produced 0 samples
2025-04-17 12:35:30,239 INFO o.a.j.r.p.AbstractSampleConsumer: class org.apache.jmeter.report.processor.graph.impl.BytesThroughputGraphConsumer#stopProducing(): bytesThroughputOverTime produced 0 samples
2025-04-17 12:35:30,240 INFO o.a.j.r.p.AbstractSampleConsumer: class org.apache.jmeter.report.processor.graph.impl.CodesPerSecondGraphConsumer#stopProducing(): codesPerSecond produced 0 samples
2025-04-17 12:35:30,262 INFO o.a.j.r.p.AbstractSampleConsumer: class org.apache.jmeter.report.processor.graph.impl.ResponseTimeVSRequestGraphConsumer#stopProducing(): responseTimeVsRequest produced 0 samples
2025-04-17 12:35:30,263 INFO o.a.j.r.p.AbstractSampleConsumer: class org.apache.jmeter.report.processor.FilterConsumer#stopProducing(): startIntervalControlerFilter produced 1260 samples
2025-04-17 12:35:30,263 INFO o.a.j.r.p.AbstractSampleConsumer: class org.apache.jmeter.report.processor.graph.impl.TotalTPSGraphConsumer#stopProducing(): totalTPS produced 0 samples
2025-04-17 12:35:30,264 INFO o.a.j.r.p.AbstractSampleConsumer: class org.apache.jmeter.report.processor.graph.impl.ActiveThreadsGraphConsumer#stopProducing(): activeThreadsOverTime produced 0 samples
2025-04-17 12:35:30,265 INFO o.a.j.r.p.AbstractSampleConsumer: class org.apache.jmeter.report.processor.graph.impl.TimeVSThreadGraphConsumer#stopProducing(): timeVsThreads produced 0 samples
2025-04-17 12:35:30,266 INFO o.a.j.r.p.AbstractSampleConsumer: class org.apache.jmeter.report.processor.graph.impl.ResponseTimeDistributionGraphConsumer#stopProducing(): responseTimeDistribution produced 0 samples
2025-04-17 12:35:30,266 INFO o.a.j.r.p.AbstractSampleConsumer: class org.apache.jmeter.report.processor.graph.impl.TransactionsPerSecondGraphConsumer#stopProducing(): transactionsPerSecond produced 0 samples
2025-04-17 12:35:30,266 INFO o.a.j.r.p.AbstractSampleConsumer: class org.apache.jmeter.report.processor.graph.impl.ResponseTimePercentilesGraphConsumer#stopProducing(): responseTimePercentiles produced 0 samples
2025-04-17 12:35:30,281 INFO o.a.j.r.p.AbstractSampleConsumer: class org.apache.jmeter.report.processor.graph.impl.ResponseTimePercentilesOverTimeGraphConsumer#stopProducing(): responseTimePercentilesOverTime produced 0 samples
2025-04-17 12:35:30,282 INFO o.a.j.r.p.AbstractSampleConsumer: class org.apache.jmeter.report.processor.graph.impl.ResponseTimeOverTimeGraphConsumer#stopProducing(): responseTimesOverTime produced 0 samples
2025-04-17 12:35:30,282 INFO o.a.j.r.p.AbstractSampleConsumer: class org.apache.jmeter.report.processor.graph.impl.ConnectTimeOverTimeGraphConsumer#stopProducing(): connectTimeOverTime produced 0 samples
2025-04-17 12:35:30,283 INFO o.a.j.r.p.AbstractSampleConsumer: class org.apache.jmeter.report.processor.graph.impl.LatencyOverTimeGraphConsumer#stopProducing(): latenciesOverTime produced 0 samples
2025-04-17 12:35:30,283 INFO o.a.j.r.p.AbstractSampleConsumer: class org.apache.jmeter.report.processor.FilterConsumer#stopProducing(): nameFilter produced 2700 samples
2025-04-17 12:35:30,283 INFO o.a.j.r.p.AbstractSampleConsumer: class org.apache.jmeter.report.processor.FilterConsumer#stopProducing(): dateRangeFilter produced 540 samples
2025-04-17 12:35:30,284 INFO o.a.j.r.p.AbstractSampleConsumer: class org.apache.jmeter.report.processor.NormalizerSampleConsumer#stopProducing(): normalizer produced 180 samples
2025-04-17 12:35:30,285 INFO o.a.j.r.p.CsvFileSampleSource: produce(): 180 samples produced in 513ms on channel 0
2025-04-17 12:35:30,285 INFO o.a.j.r.d.ReportGenerator: Exporting data using exporter:'json' of className:'org.apache.jmeter.report.dashboard.JsonExporter'
2025-04-17 12:35:30,591 INFO o.a.j.r.d.JsonExporter: Found data for consumer statisticsSummaryin context
2025-04-17 12:35:30,592 INFO o.a.j.r.d.JsonExporter: Creating statistics for overall
2025-04-17 12:35:30,595 INFO o.a.j.r.d.JsonExporter: Creating statistics for other transactions
2025-04-17 12:35:30,597 INFO o.a.j.r.d.JsonExporter: Checking output folder
2025-04-17 12:35:30,599 INFO o.a.j.r.d.JsonExporter: Writing statistics JSON to C:\Users\nicol\OneDrive\Bureau\M1 COURS\SEMESTRE 2\TEST-TDD\TDD-Exam\exam\jm-report\statistics.json
2025-04-17 12:35:30,774 INFO o.a.j.r.d.ReportGenerator: Exporting data using exporter:'html' of className:'org.apache.jmeter.report.dashboard.HtmlTemplateExporter'
2025-04-17 12:35:30,788 INFO o.a.j.r.d.HtmlTemplateExporter: Will generate dashboard in folder: C:\Users\nicol\OneDrive\Bureau\M1 COURS\SEMESTRE 2\TEST-TDD\TDD-Exam\exam\jm-report
2025-04-17 12:35:31,460 INFO o.a.j.r.d.HtmlTemplateExporter: Report will be generated in: C:\Users\nicol\OneDrive\Bureau\M1 COURS\SEMESTRE 2\TEST-TDD\TDD-Exam\exam\jm-report, creating folder structure
2025-04-17 12:35:31,473 INFO o.a.j.r.d.TemplateVisitor: Copying folder from 'C:\apache-jmeter-5.6.3\apache-jmeter-5.6.3\bin\report-template' to 'C:\Users\nicol\OneDrive\Bureau\M1 COURS\SEMESTRE 2\TEST-TDD\TDD-Exam\exam\jm-report', got message: C:\Users\nicol\OneDrive\Bureau\M1 COURS\SEMESTRE 2\TEST-TDD\TDD-Exam\exam\jm-report, found non empty folder with following content [C:\Users\nicol\OneDrive\Bureau\M1 COURS\SEMESTRE 2\TEST-TDD\TDD-Exam\exam\jm-report\statistics.json], will be ignored
2025-04-17 12:35:33,894 INFO o.a.j.JMeter: Dashboard generated
